Using pre-set license
Built from '2020.3/china_unity/release' branch; Version is '2020.3.11f1c1 (77449f27ef9b) revision 7816351'; Using compiler version '192528614'; Build Type 'Release'
OS: 'Windows 10 Home China; OS build 19042.1165; Version 2009; 64bit' Language: 'zh' Physical Memory: 15722 MB
BatchMode: 1, IsHumanControllingUs: 0, StartBugReporterOnCrash: 0, Is64bit: 1, IsPro: 0

 COMMAND LINE ARGUMENTS:
D:\Unity\UnityEditer\2020.3.11f1c1\Editor\Unity.exe
-adb2
-batchMode
-noUpm
-name
AssetImportWorker0
-projectPath
D:/Unity/MyProject/Dino
-logFile
Logs/AssetImportWorker0.log
-srvPort
52865
Successfully changed project path to: D:/Unity/MyProject/Dino
D:/Unity/MyProject/Dino
Using Asset Import Pipeline V2.
Refreshing native plugins compatible for Editor in 28.91 ms, found 2 plugins.
Preloading 0 native plugins for Editor in 0.00 ms.
Initialize engine version: 2020.3.11f1c1 (77449f27ef9b)
[Subsystems] Discovering subsystems at path D:/Unity/UnityEditer/2020.3.11f1c1/Editor/Data/Resources/UnitySubsystems
[Subsystems] Discovering subsystems at path D:/Unity/MyProject/Dino/Assets
GfxDevice: creating device client; threaded=0
Direct3D:
    Version:  Direct3D 11.0 [level 11.1]
    Renderer: AMD Radeon(TM) Graphics (ID=0x164c)
    Vendor:   
    VRAM:     7861 MB
    Driver:   27.20.21020.3005
Initialize mono
Mono path[0] = 'D:/Unity/UnityEditer/2020.3.11f1c1/Editor/Data/Managed'
Mono path[1] = 'D:/Unity/UnityEditer/2020.3.11f1c1/Editor/Data/MonoBleedingEdge/lib/mono/unityjit'
Mono config path = 'D:/Unity/UnityEditer/2020.3.11f1c1/Editor/Data/MonoBleedingEdge/etc'
Using monoOptions --debugger-agent=transport=dt_socket,embedding=1,server=y,suspend=n,address=127.0.0.1:56932
Begin MonoManager ReloadAssembly
Registering precompiled unity dll's ...
Register platform support module: D:/Unity/UnityEditer/2020.3.11f1c1/Editor/Data/PlaybackEngines/WindowsStandaloneSupport/UnityEditor.WindowsStandalone.Extensions.dll
Registered in 0.001027 seconds.
Native extension for WindowsStandalone target not found
Refreshing native plugins compatible for Editor in 27.14 ms, found 2 plugins.
Preloading 0 native plugins for Editor in 0.00 ms.
Mono: successfully reloaded assembly
- Completed reload, in  1.782 seconds
Platform modules already initialized, skipping
Registering precompiled user dll's ...
Registered in 0.002631 seconds.
Begin MonoManager ReloadAssembly
Native extension for WindowsStandalone target not found
Refreshing native plugins compatible for Editor in 0.35 ms, found 2 plugins.
Preloading 0 native plugins for Editor in 0.00 ms.
Mono: successfully reloaded assembly
- Completed reload, in  0.936 seconds
Platform modules already initialized, skipping
========================================================================
Worker process is ready to serve import requests
Launched and connected shader compiler UnityShaderCompiler.exe after 0.05 seconds
Refreshing native plugins compatible for Editor in 0.40 ms, found 2 plugins.
Preloading 0 native plugins for Editor in 0.00 ms.
Unloading 1440 Unused Serialized files (Serialized files now loaded: 0)
System memory in use before: 88.7 MB.
System memory in use after: 88.8 MB.

Unloading 17 unused Assets to reduce memory usage. Loaded Objects now: 1897.
Total: 2.290300 ms (FindLiveObjects: 0.275200 ms CreateObjectMapping: 0.036300 ms MarkObjects: 1.949600 ms  DeleteObjects: 0.027000 ms)

========================================================================
Received Import Request.
  path: Assets/Script/Controller/CameraController.cs
  artifactKey: Guid(3961f4b875b56b8479380ada913a2b04) Importer(815301076,1909f56bfc062723c751e8b465ee728b)
Start importing Assets/Script/Controller/CameraController.cs using Guid(3961f4b875b56b8479380ada913a2b04) Importer(815301076,1909f56bfc062723c751e8b465ee728b)  -> (artifact id: 'c60237ed76e982649ee8ca5c61373ba6') in 0.037171 seconds
  Import took 0.039723 seconds .

========================================================================
Received Prepare
Registering precompiled user dll's ...
Registered in 0.003069 seconds.
Begin MonoManager ReloadAssembly
Native extension for WindowsStandalone target not found
Refreshing native plugins compatible for Editor in 0.40 ms, found 2 plugins.
Preloading 0 native plugins for Editor in 0.00 ms.
Mono: successfully reloaded assembly
- Completed reload, in  0.890 seconds
Platform modules already initialized, skipping
Refreshing native plugins compatible for Editor in 0.52 ms, found 2 plugins.
Preloading 0 native plugins for Editor in 0.00 ms.
Unloading 1433 Unused Serialized files (Serialized files now loaded: 0)
System memory in use before: 88.6 MB.
System memory in use after: 88.7 MB.

Unloading 13 unused Assets to reduce memory usage. Loaded Objects now: 1899.
Total: 1.957500 ms (FindLiveObjects: 0.241800 ms CreateObjectMapping: 0.036500 ms MarkObjects: 1.657300 ms  DeleteObjects: 0.020300 ms)

========================================================================
Received Prepare
Registering precompiled user dll's ...
Registered in 0.002518 seconds.
Begin MonoManager ReloadAssembly
Native extension for WindowsStandalone target not found
Refreshing native plugins compatible for Editor in 0.38 ms, found 2 plugins.
Preloading 0 native plugins for Editor in 0.00 ms.
Mono: successfully reloaded assembly
- Completed reload, in  0.849 seconds
Platform modules already initialized, skipping
Refreshing native plugins compatible for Editor in 0.39 ms, found 2 plugins.
Preloading 0 native plugins for Editor in 0.00 ms.
Unloading 1433 Unused Serialized files (Serialized files now loaded: 0)
System memory in use before: 88.6 MB.
System memory in use after: 88.7 MB.

Unloading 13 unused Assets to reduce memory usage. Loaded Objects now: 1901.
Total: 2.134600 ms (FindLiveObjects: 0.238200 ms CreateObjectMapping: 0.035200 ms MarkObjects: 1.835600 ms  DeleteObjects: 0.023400 ms)

========================================================================
Received Prepare
Registering precompiled user dll's ...
Registered in 0.002585 seconds.
Begin MonoManager ReloadAssembly
Native extension for WindowsStandalone target not found
Refreshing native plugins compatible for Editor in 0.41 ms, found 2 plugins.
Preloading 0 native plugins for Editor in 0.00 ms.
Mono: successfully reloaded assembly
- Completed reload, in  0.840 seconds
Platform modules already initialized, skipping
Refreshing native plugins compatible for Editor in 0.35 ms, found 2 plugins.
Preloading 0 native plugins for Editor in 0.00 ms.
Unloading 1433 Unused Serialized files (Serialized files now loaded: 0)
System memory in use before: 88.6 MB.
System memory in use after: 88.7 MB.

Unloading 13 unused Assets to reduce memory usage. Loaded Objects now: 1903.
Total: 2.004500 ms (FindLiveObjects: 0.253900 ms CreateObjectMapping: 0.067100 ms MarkObjects: 1.659800 ms  DeleteObjects: 0.022200 ms)

========================================================================
Received Prepare
Registering precompiled user dll's ...
Registered in 0.002550 seconds.
Begin MonoManager ReloadAssembly
Native extension for WindowsStandalone target not found
Refreshing native plugins compatible for Editor in 0.36 ms, found 2 plugins.
Preloading 0 native plugins for Editor in 0.00 ms.
Mono: successfully reloaded assembly
- Completed reload, in  0.849 seconds
Platform modules already initialized, skipping
Refreshing native plugins compatible for Editor in 0.37 ms, found 2 plugins.
Preloading 0 native plugins for Editor in 0.00 ms.
Unloading 1433 Unused Serialized files (Serialized files now loaded: 0)
System memory in use before: 88.6 MB.
System memory in use after: 88.7 MB.

Unloading 13 unused Assets to reduce memory usage. Loaded Objects now: 1905.
Total: 2.101400 ms (FindLiveObjects: 0.207100 ms CreateObjectMapping: 0.037600 ms MarkObjects: 1.832300 ms  DeleteObjects: 0.022600 ms)

========================================================================
Received Prepare
Registering precompiled user dll's ...
Registered in 0.002690 seconds.
Begin MonoManager ReloadAssembly
Native extension for WindowsStandalone target not found
Refreshing native plugins compatible for Editor in 0.37 ms, found 2 plugins.
Preloading 0 native plugins for Editor in 0.00 ms.
Mono: successfully reloaded assembly
- Completed reload, in  0.829 seconds
Platform modules already initialized, skipping
Refreshing native plugins compatible for Editor in 0.36 ms, found 2 plugins.
Preloading 0 native plugins for Editor in 0.00 ms.
Unloading 1433 Unused Serialized files (Serialized files now loaded: 0)
System memory in use before: 88.6 MB.
System memory in use after: 88.8 MB.

Unloading 13 unused Assets to reduce memory usage. Loaded Objects now: 1907.
Total: 2.365200 ms (FindLiveObjects: 0.253800 ms CreateObjectMapping: 0.070100 ms MarkObjects: 2.016800 ms  DeleteObjects: 0.022000 ms)

========================================================================
Received Import Request.
  Time since last request: 682.159373 seconds.
  path: Assets/Script/Controller/TransfomTools.cs
  artifactKey: Guid(037c7097065725b4ea04535df053af01) Importer(815301076,1909f56bfc062723c751e8b465ee728b)
Start importing Assets/Script/Controller/TransfomTools.cs using Guid(037c7097065725b4ea04535df053af01) Importer(815301076,1909f56bfc062723c751e8b465ee728b)  -> (artifact id: '312bea158a7fed11d1458fc2ab518d8a') in 0.004430 seconds
  Import took 0.007374 seconds .

========================================================================
Received Import Request.
  Time since last request: 0.001324 seconds.
  path: Assets/Script/Controller/TransfomTools.cs
  artifactKey: Guid(037c7097065725b4ea04535df053af01) Importer(815301076,1909f56bfc062723c751e8b465ee728b)
Start importing Assets/Script/Controller/TransfomTools.cs using Guid(037c7097065725b4ea04535df053af01) Importer(815301076,1909f56bfc062723c751e8b465ee728b)  -> (artifact id: '312bea158a7fed11d1458fc2ab518d8a') in 0.002044 seconds
  Import took 0.004728 seconds .

========================================================================
Received Prepare
Registering precompiled user dll's ...
Registered in 0.002535 seconds.
Begin MonoManager ReloadAssembly
Native extension for WindowsStandalone target not found
Refreshing native plugins compatible for Editor in 0.35 ms, found 2 plugins.
Preloading 0 native plugins for Editor in 0.00 ms.
Mono: successfully reloaded assembly
- Completed reload, in  0.834 seconds
Platform modules already initialized, skipping
Refreshing native plugins compatible for Editor in 0.40 ms, found 2 plugins.
Preloading 0 native plugins for Editor in 0.00 ms.
Unloading 1433 Unused Serialized files (Serialized files now loaded: 0)
System memory in use before: 88.7 MB.
System memory in use after: 88.8 MB.

Unloading 13 unused Assets to reduce memory usage. Loaded Objects now: 1909.
Total: 1.873000 ms (FindLiveObjects: 0.180400 ms CreateObjectMapping: 0.034500 ms MarkObjects: 1.632000 ms  DeleteObjects: 0.024500 ms)

========================================================================
Received Prepare
Registering precompiled user dll's ...
Registered in 0.002619 seconds.
Begin MonoManager ReloadAssembly
Native extension for WindowsStandalone target not found
Refreshing native plugins compatible for Editor in 0.36 ms, found 2 plugins.
Preloading 0 native plugins for Editor in 0.00 ms.
Mono: successfully reloaded assembly
- Completed reload, in  1.013 seconds
Platform modules already initialized, skipping
Refreshing native plugins compatible for Editor in 0.35 ms, found 2 plugins.
Preloading 0 native plugins for Editor in 0.00 ms.
Unloading 1433 Unused Serialized files (Serialized files now loaded: 0)
System memory in use before: 88.7 MB.
System memory in use after: 88.8 MB.

Unloading 13 unused Assets to reduce memory usage. Loaded Objects now: 1911.
Total: 2.457000 ms (FindLiveObjects: 0.248600 ms CreateObjectMapping: 0.072100 ms MarkObjects: 2.107600 ms  DeleteObjects: 0.026100 ms)

========================================================================
Received Prepare
Refreshing native plugins compatible for Editor in 2.36 ms, found 2 plugins.
Preloading 0 native plugins for Editor in 0.00 ms.
Unloading 11 Unused Serialized files (Serialized files now loaded: 0)
System memory in use before: 60.5 MB.
System memory in use after: 60.6 MB.

Unloading 11 unused Assets to reduce memory usage. Loaded Objects now: 1911.
Total: 1.956800 ms (FindLiveObjects: 0.238700 ms CreateObjectMapping: 0.037600 ms MarkObjects: 1.661500 ms  DeleteObjects: 0.018000 ms)

========================================================================
Received Prepare
Registering precompiled user dll's ...
Registered in 0.002621 seconds.
Begin MonoManager ReloadAssembly
Native extension for WindowsStandalone target not found
Refreshing native plugins compatible for Editor in 0.40 ms, found 2 plugins.
Preloading 0 native plugins for Editor in 0.00 ms.
Mono: successfully reloaded assembly
- Completed reload, in  0.876 seconds
Platform modules already initialized, skipping
Switching build target platform(19) subTarget(0) extendedPlatform(0) -> platform(13) subTarget(537395200) extendedPlatform(0)
Refreshing native plugins compatible for Editor in 0.38 ms, found 2 plugins.
Preloading 0 native plugins for Editor in 0.00 ms.
Unloading 1437 Unused Serialized files (Serialized files now loaded: 0)
System memory in use before: 88.1 MB.
System memory in use after: 88.2 MB.

Unloading 13 unused Assets to reduce memory usage. Loaded Objects now: 1913.
Total: 2.397000 ms (FindLiveObjects: 0.205300 ms CreateObjectMapping: 0.033500 ms MarkObjects: 2.127000 ms  DeleteObjects: 0.029100 ms)

AssetImportParameters requested are different than current active one (requested -> active):
  custom:graphics/normal-map-encoding: 01000000000000000000000000000000 -> 02000000000000000000000000000000
========================================================================
Received Prepare
Refreshing native plugins compatible for Editor in 2.39 ms, found 2 plugins.
Preloading 0 native plugins for Editor in 0.00 ms.
Unloading 11 Unused Serialized files (Serialized files now loaded: 0)
System memory in use before: 60.0 MB.
System memory in use after: 60.1 MB.

Unloading 11 unused Assets to reduce memory usage. Loaded Objects now: 1913.
Total: 2.012300 ms (FindLiveObjects: 0.179200 ms CreateObjectMapping: 0.034200 ms MarkObjects: 1.777100 ms  DeleteObjects: 0.020800 ms)

========================================================================
Received Prepare
Registering precompiled user dll's ...
Registered in 0.002593 seconds.
Begin MonoManager ReloadAssembly
Native extension for WindowsStandalone target not found
Refreshing native plugins compatible for Editor in 0.35 ms, found 2 plugins.
Preloading 0 native plugins for Editor in 0.00 ms.
Mono: successfully reloaded assembly
- Completed reload, in  0.831 seconds
Platform modules already initialized, skipping
Switching build target platform(19) subTarget(0) extendedPlatform(0) -> platform(13) subTarget(537395200) extendedPlatform(0)
Refreshing native plugins compatible for Editor in 0.66 ms, found 2 plugins.
Preloading 0 native plugins for Editor in 0.00 ms.
Unloading 1437 Unused Serialized files (Serialized files now loaded: 0)
System memory in use before: 88.1 MB.
System memory in use after: 88.2 MB.

Unloading 13 unused Assets to reduce memory usage. Loaded Objects now: 1915.
Total: 2.176000 ms (FindLiveObjects: 0.174200 ms CreateObjectMapping: 0.033900 ms MarkObjects: 1.945800 ms  DeleteObjects: 0.020600 ms)

AssetImportParameters requested are different than current active one (requested -> active):
  custom:graphics/normal-map-encoding: 01000000000000000000000000000000 -> 02000000000000000000000000000000
========================================================================
Received Prepare
Registering precompiled user dll's ...
Registered in 0.002597 seconds.
Begin MonoManager ReloadAssembly
Native extension for WindowsStandalone target not found
Refreshing native plugins compatible for Editor in 0.38 ms, found 2 plugins.
Preloading 0 native plugins for Editor in 0.00 ms.
Mono: successfully reloaded assembly
- Completed reload, in  0.893 seconds
Platform modules already initialized, skipping
Refreshing native plugins compatible for Editor in 0.39 ms, found 2 plugins.
Preloading 0 native plugins for Editor in 0.00 ms.
Unloading 1433 Unused Serialized files (Serialized files now loaded: 0)
System memory in use before: 88.7 MB.
System memory in use after: 88.8 MB.

Unloading 13 unused Assets to reduce memory usage. Loaded Objects now: 1917.
Total: 2.828000 ms (FindLiveObjects: 0.248500 ms CreateObjectMapping: 0.062100 ms MarkObjects: 2.490500 ms  DeleteObjects: 0.024000 ms)

========================================================================
Received Prepare
Refreshing native plugins compatible for Editor in 2.35 ms, found 2 plugins.
Preloading 0 native plugins for Editor in 0.00 ms.
Unloading 11 Unused Serialized files (Serialized files now loaded: 0)
System memory in use before: 60.5 MB.
System memory in use after: 60.6 MB.

Unloading 11 unused Assets to reduce memory usage. Loaded Objects now: 1917.
Total: 1.889300 ms (FindLiveObjects: 0.191000 ms CreateObjectMapping: 0.033600 ms MarkObjects: 1.645800 ms  DeleteObjects: 0.017800 ms)

========================================================================
Received Prepare
Registering precompiled user dll's ...
Registered in 0.002858 seconds.
Begin MonoManager ReloadAssembly
Native extension for WindowsStandalone target not found
Refreshing native plugins compatible for Editor in 0.37 ms, found 2 plugins.
Preloading 0 native plugins for Editor in 0.00 ms.
Mono: successfully reloaded assembly
- Completed reload, in  0.897 seconds
Platform modules already initialized, skipping
Refreshing native plugins compatible for Editor in 0.34 ms, found 2 plugins.
Preloading 0 native plugins for Editor in 0.00 ms.
Unloading 1433 Unused Serialized files (Serialized files now loaded: 0)
System memory in use before: 88.7 MB.
System memory in use after: 88.8 MB.

Unloading 13 unused Assets to reduce memory usage. Loaded Objects now: 1919.
Total: 2.050500 ms (FindLiveObjects: 0.259000 ms CreateObjectMapping: 0.071800 ms MarkObjects: 1.694600 ms  DeleteObjects: 0.022800 ms)

========================================================================
Received Prepare
Registering precompiled user dll's ...
Registered in 0.003381 seconds.
Begin MonoManager ReloadAssembly
Native extension for WindowsStandalone target not found
Refreshing native plugins compatible for Editor in 0.40 ms, found 2 plugins.
Preloading 0 native plugins for Editor in 0.00 ms.
Mono: successfully reloaded assembly
- Completed reload, in  0.931 seconds
Platform modules already initialized, skipping
Refreshing native plugins compatible for Editor in 0.36 ms, found 2 plugins.
Preloading 0 native plugins for Editor in 0.00 ms.
Unloading 1433 Unused Serialized files (Serialized files now loaded: 0)
System memory in use before: 88.7 MB.
System memory in use after: 88.8 MB.

Unloading 13 unused Assets to reduce memory usage. Loaded Objects now: 1921.
Total: 2.051700 ms (FindLiveObjects: 0.241800 ms CreateObjectMapping: 0.036800 ms MarkObjects: 1.749800 ms  DeleteObjects: 0.020700 ms)

========================================================================
Received Prepare
Registering precompiled user dll's ...
Registered in 0.002632 seconds.
Begin MonoManager ReloadAssembly
Native extension for WindowsStandalone target not found
Refreshing native plugins compatible for Editor in 0.37 ms, found 2 plugins.
Preloading 0 native plugins for Editor in 0.00 ms.
Mono: successfully reloaded assembly
- Completed reload, in  0.837 seconds
Platform modules already initialized, skipping
Refreshing native plugins compatible for Editor in 0.35 ms, found 2 plugins.
Preloading 0 native plugins for Editor in 0.00 ms.
Unloading 1433 Unused Serialized files (Serialized files now loaded: 0)
System memory in use before: 88.7 MB.
System memory in use after: 88.8 MB.

Unloading 13 unused Assets to reduce memory usage. Loaded Objects now: 1923.
Total: 2.581100 ms (FindLiveObjects: 0.229200 ms CreateObjectMapping: 0.066900 ms MarkObjects: 2.264200 ms  DeleteObjects: 0.019500 ms)

========================================================================
Received Prepare
Refreshing native plugins compatible for Editor in 2.32 ms, found 2 plugins.
Preloading 0 native plugins for Editor in 0.00 ms.
Unloading 11 Unused Serialized files (Serialized files now loaded: 0)
System memory in use before: 60.5 MB.
System memory in use after: 60.7 MB.

Unloading 11 unused Assets to reduce memory usage. Loaded Objects now: 1923.
Total: 1.882200 ms (FindLiveObjects: 0.184900 ms CreateObjectMapping: 0.032900 ms MarkObjects: 1.647500 ms  DeleteObjects: 0.016300 ms)

========================================================================
Received Prepare
Registering precompiled user dll's ...
Registered in 0.002714 seconds.
Begin MonoManager ReloadAssembly
Native extension for WindowsStandalone target not found
Refreshing native plugins compatible for Editor in 0.47 ms, found 2 plugins.
Preloading 0 native plugins for Editor in 0.00 ms.
Mono: successfully reloaded assembly
- Completed reload, in  0.936 seconds
Platform modules already initialized, skipping
Switching build target platform(19) subTarget(0) extendedPlatform(0) -> platform(13) subTarget(537395200) extendedPlatform(0)
Refreshing native plugins compatible for Editor in 0.37 ms, found 2 plugins.
Preloading 0 native plugins for Editor in 0.00 ms.
Unloading 1437 Unused Serialized files (Serialized files now loaded: 0)
System memory in use before: 88.1 MB.
System memory in use after: 88.2 MB.

Unloading 13 unused Assets to reduce memory usage. Loaded Objects now: 1925.
Total: 2.180700 ms (FindLiveObjects: 0.234100 ms CreateObjectMapping: 0.065900 ms MarkObjects: 1.858100 ms  DeleteObjects: 0.020900 ms)

AssetImportParameters requested are different than current active one (requested -> active):
  custom:graphics/normal-map-encoding: 01000000000000000000000000000000 -> 02000000000000000000000000000000
========================================================================
Received Prepare
Refreshing native plugins compatible for Editor in 2.40 ms, found 2 plugins.
Preloading 0 native plugins for Editor in 0.00 ms.
Unloading 11 Unused Serialized files (Serialized files now loaded: 0)
System memory in use before: 60.0 MB.
System memory in use after: 60.1 MB.

Unloading 11 unused Assets to reduce memory usage. Loaded Objects now: 1925.
Total: 1.957700 ms (FindLiveObjects: 0.181200 ms CreateObjectMapping: 0.033700 ms MarkObjects: 1.720900 ms  DeleteObjects: 0.020700 ms)

========================================================================
Received Prepare
Registering precompiled user dll's ...
Registered in 0.002652 seconds.
Begin MonoManager ReloadAssembly
Native extension for WindowsStandalone target not found
Refreshing native plugins compatible for Editor in 0.41 ms, found 2 plugins.
Preloading 0 native plugins for Editor in 0.00 ms.
Mono: successfully reloaded assembly
- Completed reload, in  0.888 seconds
Platform modules already initialized, skipping
Refreshing native plugins compatible for Editor in 0.35 ms, found 2 plugins.
Preloading 0 native plugins for Editor in 0.00 ms.
Unloading 1433 Unused Serialized files (Serialized files now loaded: 0)
System memory in use before: 88.7 MB.
System memory in use after: 88.8 MB.

Unloading 13 unused Assets to reduce memory usage. Loaded Objects now: 1927.
Total: 2.326500 ms (FindLiveObjects: 0.365700 ms CreateObjectMapping: 0.091100 ms MarkObjects: 1.842700 ms  DeleteObjects: 0.025300 ms)

========================================================================
Received Prepare
Refreshing native plugins compatible for Editor in 3.99 ms, found 2 plugins.
Preloading 0 native plugins for Editor in 0.00 ms.
Unloading 11 Unused Serialized files (Serialized files now loaded: 0)
System memory in use before: 60.6 MB.
System memory in use after: 60.7 MB.

Unloading 11 unused Assets to reduce memory usage. Loaded Objects now: 1927.
Total: 3.231400 ms (FindLiveObjects: 0.291400 ms CreateObjectMapping: 0.056800 ms MarkObjects: 2.860600 ms  DeleteObjects: 0.021000 ms)

========================================================================
Received Prepare
Refreshing native plugins compatible for Editor in 2.33 ms, found 2 plugins.
Preloading 0 native plugins for Editor in 0.00 ms.
Unloading 11 Unused Serialized files (Serialized files now loaded: 0)
System memory in use before: 60.6 MB.
System memory in use after: 60.7 MB.

Unloading 11 unused Assets to reduce memory usage. Loaded Objects now: 1927.
Total: 2.038600 ms (FindLiveObjects: 0.181900 ms CreateObjectMapping: 0.033400 ms MarkObjects: 1.806100 ms  DeleteObjects: 0.016600 ms)

========================================================================
Received Prepare
Registering precompiled user dll's ...
Registered in 0.002567 seconds.
Begin MonoManager ReloadAssembly
Native extension for WindowsStandalone target not found
Refreshing native plugins compatible for Editor in 0.57 ms, found 2 plugins.
Preloading 0 native plugins for Editor in 0.00 ms.
Mono: successfully reloaded assembly
- Completed reload, in  0.948 seconds
Platform modules already initialized, skipping
Switching build target platform(19) subTarget(0) extendedPlatform(0) -> platform(13) subTarget(537395200) extendedPlatform(0)
Refreshing native plugins compatible for Editor in 0.36 ms, found 2 plugins.
Preloading 0 native plugins for Editor in 0.00 ms.
Unloading 1437 Unused Serialized files (Serialized files now loaded: 0)
System memory in use before: 88.1 MB.
System memory in use after: 88.2 MB.

Unloading 13 unused Assets to reduce memory usage. Loaded Objects now: 1929.
Total: 2.133900 ms (FindLiveObjects: 0.191000 ms CreateObjectMapping: 0.033200 ms MarkObjects: 1.885600 ms  DeleteObjects: 0.022500 ms)

AssetImportParameters requested are different than current active one (requested -> active):
  custom:graphics/normal-map-encoding: 01000000000000000000000000000000 -> 02000000000000000000000000000000
========================================================================
Received Prepare
Refreshing native plugins compatible for Editor in 2.82 ms, found 2 plugins.
Preloading 0 native plugins for Editor in 0.00 ms.
Unloading 11 Unused Serialized files (Serialized files now loaded: 0)
System memory in use before: 60.0 MB.
System memory in use after: 60.1 MB.

Unloading 11 unused Assets to reduce memory usage. Loaded Objects now: 1929.
Total: 2.620800 ms (FindLiveObjects: 0.213400 ms CreateObjectMapping: 0.037500 ms MarkObjects: 2.347200 ms  DeleteObjects: 0.021400 ms)

========================================================================
Received Prepare
Registering precompiled user dll's ...
Registered in 0.002529 seconds.
Begin MonoManager ReloadAssembly
Native extension for WindowsStandalone target not found
Refreshing native plugins compatible for Editor in 0.40 ms, found 2 plugins.
Preloading 0 native plugins for Editor in 0.00 ms.
Mono: successfully reloaded assembly
- Completed reload, in  0.879 seconds
Platform modules already initialized, skipping
Switching build target platform(19) subTarget(0) extendedPlatform(0) -> platform(13) subTarget(537395200) extendedPlatform(0)
Refreshing native plugins compatible for Editor in 0.36 ms, found 2 plugins.
Preloading 0 native plugins for Editor in 0.00 ms.
Unloading 1437 Unused Serialized files (Serialized files now loaded: 0)
System memory in use before: 88.1 MB.
System memory in use after: 88.2 MB.

Unloading 13 unused Assets to reduce memory usage. Loaded Objects now: 1931.
Total: 2.064700 ms (FindLiveObjects: 0.232100 ms CreateObjectMapping: 0.065500 ms MarkObjects: 1.740000 ms  DeleteObjects: 0.025400 ms)

AssetImportParameters requested are different than current active one (requested -> active):
  custom:graphics/normal-map-encoding: 01000000000000000000000000000000 -> 02000000000000000000000000000000
========================================================================
Received Prepare
Registering precompiled user dll's ...
Registered in 0.002877 seconds.
Begin MonoManager ReloadAssembly
Native extension for WindowsStandalone target not found
Refreshing native plugins compatible for Editor in 0.37 ms, found 2 plugins.
Preloading 0 native plugins for Editor in 0.00 ms.
Mono: successfully reloaded assembly
- Completed reload, in  0.888 seconds
Platform modules already initialized, skipping
Switching build target platform(19) subTarget(0) extendedPlatform(0) -> platform(13) subTarget(537395200) extendedPlatform(0)
Refreshing native plugins compatible for Editor in 0.36 ms, found 2 plugins.
Preloading 0 native plugins for Editor in 0.00 ms.
Unloading 1437 Unused Serialized files (Serialized files now loaded: 0)
System memory in use before: 88.1 MB.
System memory in use after: 88.2 MB.

Unloading 13 unused Assets to reduce memory usage. Loaded Objects now: 1933.
Total: 2.086900 ms (FindLiveObjects: 0.229500 ms CreateObjectMapping: 0.066400 ms MarkObjects: 1.769000 ms  DeleteObjects: 0.020300 ms)

AssetImportParameters requested are different than current active one (requested -> active):
  custom:graphics/normal-map-encoding: 01000000000000000000000000000000 -> 02000000000000000000000000000000
========================================================================
Received Prepare
Registering precompiled user dll's ...
Registered in 0.002520 seconds.
Begin MonoManager ReloadAssembly
Native extension for WindowsStandalone target not found
Refreshing native plugins compatible for Editor in 0.37 ms, found 2 plugins.
Preloading 0 native plugins for Editor in 0.00 ms.
Mono: successfully reloaded assembly
- Completed reload, in  0.889 seconds
Platform modules already initialized, skipping
Switching build target platform(19) subTarget(0) extendedPlatform(0) -> platform(13) subTarget(537395200) extendedPlatform(0)
Refreshing native plugins compatible for Editor in 0.35 ms, found 2 plugins.
Preloading 0 native plugins for Editor in 0.00 ms.
Unloading 1437 Unused Serialized files (Serialized files now loaded: 0)
System memory in use before: 88.1 MB.
System memory in use after: 88.2 MB.

Unloading 13 unused Assets to reduce memory usage. Loaded Objects now: 1935.
Total: 2.394600 ms (FindLiveObjects: 0.208800 ms CreateObjectMapping: 0.037100 ms MarkObjects: 2.127200 ms  DeleteObjects: 0.020200 ms)

AssetImportParameters requested are different than current active one (requested -> active):
  custom:graphics/normal-map-encoding: 01000000000000000000000000000000 -> 02000000000000000000000000000000
========================================================================
Received Prepare
Registering precompiled user dll's ...
Registered in 0.002557 seconds.
Begin MonoManager ReloadAssembly
Native extension for WindowsStandalone target not found
Refreshing native plugins compatible for Editor in 0.36 ms, found 2 plugins.
Preloading 0 native plugins for Editor in 0.00 ms.
Mono: successfully reloaded assembly
- Completed reload, in  0.869 seconds
Platform modules already initialized, skipping
Switching build target platform(19) subTarget(0) extendedPlatform(0) -> platform(13) subTarget(537395200) extendedPlatform(0)
Refreshing native plugins compatible for Editor in 0.36 ms, found 2 plugins.
Preloading 0 native plugins for Editor in 0.00 ms.
Unloading 1437 Unused Serialized files (Serialized files now loaded: 0)
System memory in use before: 88.1 MB.
System memory in use after: 88.2 MB.

Unloading 13 unused Assets to reduce memory usage. Loaded Objects now: 1937.
Total: 2.855900 ms (FindLiveObjects: 0.280800 ms CreateObjectMapping: 0.075900 ms MarkObjects: 2.472700 ms  DeleteObjects: 0.024500 ms)

AssetImportParameters requested are different than current active one (requested -> active):
  custom:graphics/normal-map-encoding: 01000000000000000000000000000000 -> 02000000000000000000000000000000
========================================================================
Received Prepare
Registering precompiled user dll's ...
Registered in 0.003628 seconds.
Begin MonoManager ReloadAssembly
Native extension for WindowsStandalone target not found
Refreshing native plugins compatible for Editor in 0.38 ms, found 2 plugins.
Preloading 0 native plugins for Editor in 0.00 ms.
Mono: successfully reloaded assembly
- Completed reload, in  0.877 seconds
Platform modules already initialized, skipping
Switching build target platform(19) subTarget(0) extendedPlatform(0) -> platform(13) subTarget(537395200) extendedPlatform(0)
Refreshing native plugins compatible for Editor in 0.34 ms, found 2 plugins.
Preloading 0 native plugins for Editor in 0.00 ms.
Unloading 1437 Unused Serialized files (Serialized files now loaded: 0)
System memory in use before: 88.1 MB.
System memory in use after: 88.2 MB.

Unloading 13 unused Assets to reduce memory usage. Loaded Objects now: 1939.
Total: 2.332700 ms (FindLiveObjects: 0.178700 ms CreateObjectMapping: 0.034900 ms MarkObjects: 2.098200 ms  DeleteObjects: 0.019800 ms)

AssetImportParameters requested are different than current active one (requested -> active):
  custom:graphics/normal-map-encoding: 01000000000000000000000000000000 -> 02000000000000000000000000000000
========================================================================
Received Import Request.
  Time since last request: 2120.236718 seconds.
  path: ProjectSettings/ProjectSettings.asset
  artifactKey: Guid(00000000000000004000000000000000) Importer(815301076,1909f56bfc062723c751e8b465ee728b)
Start importing ProjectSettings/ProjectSettings.asset using Guid(00000000000000004000000000000000) Importer(815301076,1909f56bfc062723c751e8b465ee728b)  -> (artifact id: '9c89bcec369ba3bb3b16c8b57495683d') in 0.017720 seconds
  Import took 0.020669 seconds .

========================================================================
Received Import Request.
  Time since last request: 0.789117 seconds.
  path: ProjectSettings/ProjectSettings.asset
  artifactKey: Guid(00000000000000004000000000000000) Importer(815301076,1909f56bfc062723c751e8b465ee728b)
Start importing ProjectSettings/ProjectSettings.asset using Guid(00000000000000004000000000000000) Importer(815301076,1909f56bfc062723c751e8b465ee728b)  -> (artifact id: '9c89bcec369ba3bb3b16c8b57495683d') in 0.003638 seconds
  Import took 0.006502 seconds .

========================================================================
Received Import Request.
  Time since last request: 0.029846 seconds.
  path: Assets/Resources/UI/Logo.png
  artifactKey: Guid(fed274ee0dfe5614ca1502b2d167628e) Importer(815301076,1909f56bfc062723c751e8b465ee728b)
Start importing Assets/Resources/UI/Logo.png using Guid(fed274ee0dfe5614ca1502b2d167628e) Importer(815301076,1909f56bfc062723c751e8b465ee728b)  -> (artifact id: '5d854fc752b72b3f97f21121dc46c0c3') in 0.156253 seconds
  Import took 0.159262 seconds .

========================================================================
Received Import Request.
  Time since last request: 0.000677 seconds.
  path: Assets/Resources/UI/Cursor.png
  artifactKey: Guid(c5311f735bd458a4fb79f32fbccef7e3) Importer(815301076,1909f56bfc062723c751e8b465ee728b)
Start importing Assets/Resources/UI/Cursor.png using Guid(c5311f735bd458a4fb79f32fbccef7e3) Importer(815301076,1909f56bfc062723c751e8b465ee728b)  -> (artifact id: 'f55abf5a8c26a964bf5a2d8b9862bc8a') in 0.006551 seconds
  Import took 0.009462 seconds .

========================================================================
Received Import Request.
  Time since last request: 0.000247 seconds.
  path: Assets/Resources/UI/Logo.png
  artifactKey: Guid(fed274ee0dfe5614ca1502b2d167628e) Importer(815301076,1909f56bfc062723c751e8b465ee728b)
Start importing Assets/Resources/UI/Logo.png using Guid(fed274ee0dfe5614ca1502b2d167628e) Importer(815301076,1909f56bfc062723c751e8b465ee728b)  -> (artifact id: '5d854fc752b72b3f97f21121dc46c0c3') in 0.021051 seconds
  Import took 0.024369 seconds .

========================================================================
Received Import Request.
  Time since last request: 0.000502 seconds.
  path: Assets/Resources/UI/Cursor.png
  artifactKey: Guid(c5311f735bd458a4fb79f32fbccef7e3) Importer(815301076,1909f56bfc062723c751e8b465ee728b)
Start importing Assets/Resources/UI/Cursor.png using Guid(c5311f735bd458a4fb79f32fbccef7e3) Importer(815301076,1909f56bfc062723c751e8b465ee728b)  -> (artifact id: 'f55abf5a8c26a964bf5a2d8b9862bc8a') in 0.008273 seconds
  Import took 0.011465 seconds .

========================================================================
Received Import Request.
  Time since last request: 137.247903 seconds.
  path: ProjectSettings/ProjectSettings.asset
  artifactKey: Guid(00000000000000004000000000000000) Importer(815301076,1909f56bfc062723c751e8b465ee728b)
Start importing ProjectSettings/ProjectSettings.asset using Guid(00000000000000004000000000000000) Importer(815301076,1909f56bfc062723c751e8b465ee728b)  -> (artifact id: '6d0b8c82d81ea4c3455d9210cfde29f8') in 0.003296 seconds
  Import took 0.006381 seconds .

========================================================================
Received Import Request.
  Time since last request: 84.804617 seconds.
  path: ProjectSettings/ProjectSettings.asset
  artifactKey: Guid(00000000000000004000000000000000) Importer(815301076,1909f56bfc062723c751e8b465ee728b)
Start importing ProjectSettings/ProjectSettings.asset using Guid(00000000000000004000000000000000) Importer(815301076,1909f56bfc062723c751e8b465ee728b)  -> (artifact id: '99be5b9f591e9e681afce69ff9097227') in 0.003923 seconds
  Import took 0.006701 seconds .

========================================================================
Received Import Request.
  Time since last request: 20.364971 seconds.
  path: ProjectSettings/ProjectSettings.asset
  artifactKey: Guid(00000000000000004000000000000000) Importer(815301076,1909f56bfc062723c751e8b465ee728b)
Start importing ProjectSettings/ProjectSettings.asset using Guid(00000000000000004000000000000000) Importer(815301076,1909f56bfc062723c751e8b465ee728b)  -> (artifact id: '6b253d001caa3c01301a32ce422c4f27') in 0.003013 seconds
  Import took 0.005706 seconds .

========================================================================
Received Prepare
Refreshing native plugins compatible for Editor in 3.65 ms, found 2 plugins.
Preloading 0 native plugins for Editor in 0.00 ms.
Unloading 11 Unused Serialized files (Serialized files now loaded: 0)
System memory in use before: 63.5 MB.
System memory in use after: 63.6 MB.

Unloading 16 unused Assets to reduce memory usage. Loaded Objects now: 1946.
Total: 2.672900 ms (FindLiveObjects: 0.235300 ms CreateObjectMapping: 0.038200 ms MarkObjects: 2.365500 ms  DeleteObjects: 0.032300 ms)

========================================================================
Received Prepare
Registering precompiled user dll's ...
Registered in 0.003030 seconds.
Begin MonoManager ReloadAssembly
Native extension for WindowsStandalone target not found
Refreshing native plugins compatible for Editor in 0.37 ms, found 2 plugins.
Preloading 0 native plugins for Editor in 0.00 ms.
Mono: successfully reloaded assembly
- Completed reload, in  0.902 seconds
Platform modules already initialized, skipping
Refreshing native plugins compatible for Editor in 0.64 ms, found 2 plugins.
Preloading 0 native plugins for Editor in 0.00 ms.
Unloading 1433 Unused Serialized files (Serialized files now loaded: 0)
System memory in use before: 91.8 MB.
System memory in use after: 91.9 MB.

Unloading 13 unused Assets to reduce memory usage. Loaded Objects now: 1948.
Total: 2.324400 ms (FindLiveObjects: 0.243600 ms CreateObjectMapping: 0.037200 ms MarkObjects: 2.013600 ms  DeleteObjects: 0.028000 ms)

========================================================================
Received Prepare
Refreshing native plugins compatible for Editor in 2.53 ms, found 2 plugins.
Preloading 0 native plugins for Editor in 0.00 ms.
Unloading 11 Unused Serialized files (Serialized files now loaded: 0)
System memory in use before: 63.7 MB.
System memory in use after: 63.8 MB.

Unloading 11 unused Assets to reduce memory usage. Loaded Objects now: 1948.
Total: 1.846500 ms (FindLiveObjects: 0.184500 ms CreateObjectMapping: 0.032800 ms MarkObjects: 1.609700 ms  DeleteObjects: 0.018600 ms)

========================================================================
Received Prepare
Refreshing native plugins compatible for Editor in 2.48 ms, found 2 plugins.
Preloading 0 native plugins for Editor in 0.00 ms.
Unloading 11 Unused Serialized files (Serialized files now loaded: 0)
System memory in use before: 63.7 MB.
System memory in use after: 63.8 MB.

Unloading 11 unused Assets to reduce memory usage. Loaded Objects now: 1948.
Total: 2.184300 ms (FindLiveObjects: 0.310300 ms CreateObjectMapping: 0.063700 ms MarkObjects: 1.789200 ms  DeleteObjects: 0.020100 ms)

AssetImportWorkerClient::OnTransportError - code=2 error=End of file
